[0m16:56:13.375994 [debug] [MainThread]: Sending event: {'category': 'dbt', 'action': 'invocation', 'label': 'start', 'context': [<snowplow_tracker.self_describing_json.SelfDescribingJson object at 0x000001EAA521AD50>, <snowplow_tracker.self_describing_json.SelfDescribingJson object at 0x000001EAA9A2ED10>, <snowplow_tracker.self_describing_json.SelfDescribingJson object at 0x000001EAA9A2F2D0>]}


============================== 16:56:13.381400 | e191a7e0-3bc8-4718-8cb5-adafda85aba2 ==============================
[0m16:56:13.381400 [info ] [MainThread]: Running with dbt=1.11.11
[0m16:56:13.382474 [debug] [MainThread]: running dbt with arguments {'static_parser': 'True', 'no_print': 'None', 'version_check': 'True', 'target_path': 'None', 'warn_error_options': 'WarnErrorOptionsV2(error=[], warn=[], silence=[])', 'printer_width': '80', 'write_json': 'True', 'empty': 'None', 'log_cache_events': 'False', 'introspect': 'True', 'cache_selected_only': 'False', 'log_format': 'default', 'debug': 'False', 'fail_fast': 'False', 'profiles_dir': 'C:\\Users\\Vlad\\.dbt', 'send_anonymous_usage_stats': 'True', 'quiet': 'False', 'warn_error': 'None', 'partial_parse': 'True', 'indirect_selection': 'eager', 'invocation_command': 'dbt init .', 'use_colors': 'True', 'use_experimental_parser': 'False', 'log_path': 'logs'}
[0m16:56:13.398798 [info ] [MainThread]: Creating dbt configuration folder at C:\Users\Vlad\.dbt
[0m16:56:36.853042 [debug] [MainThread]: Starter project path: C:\Users\Vlad\AppData\Roaming\Python\Python311\site-packages\dbt\include\starter_project
[0m16:56:36.905712 [info ] [MainThread]: 
Your new dbt project "ga4_funnel" was created!

For more information on how to configure the profiles.yml file,
please consult the dbt documentation here:

  https://docs.getdbt.com/docs/configure-your-profile

One more thing:

Need help? Don't hesitate to reach out to us via GitHub issues or on Slack:

  https://community.getdbt.com/

Happy modeling!

[0m16:56:36.905712 [info ] [MainThread]: Setting up your profile.
[0m17:03:40.241080 [info ] [MainThread]: Profile ga4_funnel written to C:\Users\Vlad\.dbt\profiles.yml using target's profile_template.yml and your supplied values. Run 'dbt debug' to validate the connection.
[0m17:03:40.242082 [debug] [MainThread]: Command `dbt init` succeeded at 17:03:40.242082 after 446.94 seconds
[0m17:03:40.242082 [debug] [MainThread]: Sending event: {'category': 'dbt', 'action': 'invocation', 'label': 'end', 'context': [<snowplow_tracker.self_describing_json.SelfDescribingJson object at 0x000001EAA9A8FDD0>, <snowplow_tracker.self_describing_json.SelfDescribingJson object at 0x000001EAA9A2FB50>, <snowplow_tracker.self_describing_json.SelfDescribingJson object at 0x000001EAA9A2F950>]}
[0m17:03:40.243462 [debug] [MainThread]: Flushing usage events
[0m17:03:42.098697 [debug] [MainThread]: An error was encountered while trying to flush usage events
[0m17:04:47.022614 [debug] [MainThread]: Sending event: {'category': 'dbt', 'action': 'invocation', 'label': 'start', 'context': [<snowplow_tracker.self_describing_json.SelfDescribingJson object at 0x0000019AF2466490>, <snowplow_tracker.self_describing_json.SelfDescribingJson object at 0x0000019AF372B9D0>, <snowplow_tracker.self_describing_json.SelfDescribingJson object at 0x0000019AF3729410>]}


============================== 17:04:47.028999 | d51edca5-3679-42e8-8e2a-e323f7f0539c ==============================
[0m17:04:47.028999 [info ] [MainThread]: Running with dbt=1.11.11
[0m17:04:47.028999 [debug] [MainThread]: running dbt with arguments {'static_parser': 'True', 'no_print': 'None', 'version_check': 'True', 'target_path': 'None', 'warn_error_options': 'WarnErrorOptionsV2(error=[], warn=[], silence=[])', 'printer_width': '80', 'write_json': 'True', 'empty': 'None', 'log_cache_events': 'False', 'introspect': 'True', 'cache_selected_only': 'False', 'fail_fast': 'False', 'debug': 'False', 'log_format': 'default', 'partial_parse': 'True', 'send_anonymous_usage_stats': 'True', 'quiet': 'False', 'warn_error': 'None', 'profiles_dir': 'C:\\Users\\Vlad\\.dbt', 'invocation_command': 'dbt debug', 'use_colors': 'True', 'indirect_selection': 'eager', 'use_experimental_parser': 'False', 'log_path': 'logs'}
[0m17:04:47.045696 [info ] [MainThread]: dbt version: 1.11.11
[0m17:04:47.045696 [info ] [MainThread]: python version: 3.11.6
[0m17:04:47.047200 [info ] [MainThread]: python path: C:\Program Files\Python311\python.exe
[0m17:04:47.048223 [info ] [MainThread]: os info: Windows-10-10.0.26200-SP0
[0m17:04:48.774802 [info ] [MainThread]: Using profiles dir at C:\Users\Vlad\.dbt
[0m17:04:48.774802 [info ] [MainThread]: Using profiles.yml file at C:\Users\Vlad\.dbt\profiles.yml
[0m17:04:48.774802 [info ] [MainThread]: Using dbt_project.yml file at C:\Users\Vlad\Desktop\ga4-bigquery-ab-testing\dbt\dbt_project.yml
[0m17:04:48.776256 [info ] [MainThread]: adapter type: bigquery
[0m17:04:48.776256 [info ] [MainThread]: adapter version: 1.11.1
[0m17:04:48.777260 [info ] [MainThread]: Configuration:
[0m17:04:48.777260 [info ] [MainThread]:   profiles.yml file [[32mOK found and valid[0m]
[0m17:04:48.777260 [info ] [MainThread]:   dbt_project.yml file [[31mERROR not found[0m]
[0m17:04:48.778764 [info ] [MainThread]: Required dependencies:
[0m17:04:48.778764 [debug] [MainThread]: Executing "git --help"
[0m17:04:48.812741 [debug] [MainThread]: STDOUT: "b"usage: git [-v | --version] [-h | --help] [-C <path>] [-c <name>=<value>]\n           [--exec-path[=<path>]] [--html-path] [--man-path] [--info-path]\n           [-p | --paginate | -P | --no-pager] [--no-replace-objects] [--no-lazy-fetch]\n           [--no-optional-locks] [--no-advice] [--bare] [--git-dir=<path>]\n           [--work-tree=<path>] [--namespace=<name>] [--config-env=<name>=<envvar>]\n           <command> [<args>]\n\nThese are common Git commands used in various situations:\n\nstart a working area (see also: git help tutorial)\n   clone      Clone a repository into a new directory\n   init       Create an empty Git repository or reinitialize an existing one\n\nwork on the current change (see also: git help everyday)\n   add        Add file contents to the index\n   mv         Move or rename a file, a directory, or a symlink\n   restore    Restore working tree files\n   rm         Remove files from the working tree and from the index\n\nexamine the history and state (see also: git help revisions)\n   bisect     Use binary search to find the commit that introduced a bug\n   diff       Show changes between commits, commit and working tree, etc\n   grep       Print lines matching a pattern\n   log        Show commit logs\n   show       Show various types of objects\n   status     Show the working tree status\n\ngrow, mark and tweak your common history\n   backfill   Download missing objects in a partial clone\n   branch     List, create, or delete branches\n   commit     Record changes to the repository\n   merge      Join two or more development histories together\n   rebase     Reapply commits on top of another base tip\n   reset      Reset current HEAD to the specified state\n   switch     Switch branches\n   tag        Create, list, delete or verify a tag object signed with GPG\n\ncollaborate (see also: git help workflows)\n   fetch      Download objects and refs from another repository\n   pull       Fetch from and integrate with another repository or a local branch\n   push       Update remote refs along with associated objects\n\n'git help -a' and 'git help -g' list available subcommands and some\nconcept guides. See 'git help <command>' or 'git help <concept>'\nto read about a specific subcommand or concept.\nSee 'git help git' for an overview of the system.\n""
[0m17:04:48.814245 [debug] [MainThread]: STDERR: "b''"
[0m17:04:48.814245 [info ] [MainThread]:  - git [[32mOK found[0m]

[0m17:04:48.814245 [info ] [MainThread]: Connection:
[0m17:04:48.815345 [info ] [MainThread]:   method: oauth
[0m17:04:48.815345 [info ] [MainThread]:   database: ga4-bigquery-abtest
[0m17:04:48.816518 [info ] [MainThread]:   execution_project: ga4-bigquery-abtest
[0m17:04:48.816518 [info ] [MainThread]:   schema: dbt_ga4_funnel
[0m17:04:48.816518 [info ] [MainThread]:   location: EU
[0m17:04:48.817537 [info ] [MainThread]:   priority: interactive
[0m17:04:48.817537 [info ] [MainThread]:   maximum_bytes_billed: None
[0m17:04:48.817537 [info ] [MainThread]:   impersonate_service_account: None
[0m17:04:48.819040 [info ] [MainThread]:   job_retry_deadline_seconds: None
[0m17:04:48.819040 [info ] [MainThread]:   job_retries: 1
[0m17:04:48.820044 [info ] [MainThread]:   job_creation_timeout_seconds: None
[0m17:04:48.820044 [info ] [MainThread]:   job_execution_timeout_seconds: 300
[0m17:04:48.820044 [info ] [MainThread]:   timeout_seconds: 300
[0m17:04:48.821080 [info ] [MainThread]:   client_id: None
[0m17:04:48.821080 [info ] [MainThread]:   token_uri: None
[0m17:04:48.822088 [info ] [MainThread]:   compute_region: None
[0m17:04:48.822088 [info ] [MainThread]:   dataproc_cluster_name: None
[0m17:04:48.822806 [info ] [MainThread]:   gcs_bucket: None
[0m17:04:48.822806 [info ] [MainThread]:   dataproc_batch: None
[0m17:04:48.823877 [info ] [MainThread]: Registered adapter: bigquery=1.11.1
[0m17:04:49.265144 [debug] [MainThread]: Acquiring new bigquery connection 'debug'
[0m17:04:49.266148 [debug] [MainThread]: On debug: select 1 as id
[0m17:04:49.266148 [debug] [MainThread]: Opening a new connection, currently in state init
[0m17:05:01.304730 [debug] [MainThread]: BigQuery adapter: Got an error when attempting to create a bigquery " "client: 'Runtime Error
  Failed to authenticate with supplied credentials
  error:
  Your default credentials were not found. To set up Application Default Credentials, see https://cloud.google.com/docs/authentication/external/set-up-adc for more information.'
[0m17:05:01.305771 [debug] [MainThread]: BigQuery adapter: Unhandled error while running:
select 1 as id
[0m17:05:01.305771 [debug] [MainThread]: BigQuery adapter: Database Error
  Runtime Error
    Failed to authenticate with supplied credentials
    error:
    Your default credentials were not found. To set up Application Default Credentials, see https://cloud.google.com/docs/authentication/external/set-up-adc for more information.
[0m17:05:01.305771 [info ] [MainThread]:   Connection test: [[31mERROR[0m]

[0m17:05:01.306776 [info ] [MainThread]: [31m2 checks failed:[0m
[0m17:05:01.306776 [info ] [MainThread]: Project loading failed for the following reason:
 project path <C:\Users\Vlad\Desktop\ga4-bigquery-ab-testing\dbt\dbt_project.yml> not found

[0m17:05:01.307780 [info ] [MainThread]: dbt was unable to connect to the specified database.
The database returned the following error:

  >'NoneType' object has no attribute 'close'

Check your database credentials and try again. For more information, visit:
https://docs.getdbt.com/docs/configure-your-profile


[0m17:05:01.308780 [debug] [MainThread]: Command `dbt debug` failed at 17:05:01.308780 after 14.36 seconds
[0m17:05:01.309284 [debug] [MainThread]: Sending event: {'category': 'dbt', 'action': 'invocation', 'label': 'end', 'context': [<snowplow_tracker.self_describing_json.SelfDescribingJson object at 0x0000019AF37CF1D0>, <snowplow_tracker.self_describing_json.SelfDescribingJson object at 0x0000019AEB96BC50>, <snowplow_tracker.self_describing_json.SelfDescribingJson object at 0x0000019AF3728FD0>]}
[0m17:05:01.309787 [debug] [MainThread]: Flushing usage events
[0m17:05:01.891609 [debug] [MainThread]: An error was encountered while trying to flush usage events
